This is pdfTeX, Version 3.14159265-2.6-1.40.16 (TeX Live 2015) (preloaded format=pdflatex 2016.3.6)  13 SEP 2016 23:44
entering extended mode
 restricted \write18 enabled.
 %&-line parsing enabled.
**/Users/philhannant/Documents/Project_Report/CS_Project_Report_PAHannant.tex
(/Users/philhannant/Documents/Project_Report/CS_Project_Report_PAHannant.tex
LaTeX2e <2015/01/01>
Babel <3.9l> and hyphenation patterns for 79 languages loaded.
(/usr/local/texlive/2015/texmf-dist/tex/latex/base/article.cls
Document Class: article 2014/09/29 v1.4h Standard LaTeX document class
(/usr/local/texlive/2015/texmf-dist/tex/latex/base/size11.clo
File: size11.clo 2014/09/29 v1.4h Standard LaTeX file (size option)
)
\c@part=\count79
\c@section=\count80
\c@subsection=\count81
\c@subsubsection=\count82
\c@paragraph=\count83
\c@subparagraph=\count84
\c@figure=\count85
\c@table=\count86
\abovecaptionskip=\skip41
\belowcaptionskip=\skip42
\bibindent=\dimen102
) (/usr/local/texlive/2015/texmf-dist/tex/latex/parskip/parskip.sty
Package: parskip 2001/04/09 non-zero parskip adjustments
) (/usr/local/texlive/2015/texmf-dist/tex/latex/xkeyval/xkeyval.sty
Package: xkeyval 2014/12/03 v2.7a package option processing (HA)
(/usr/local/texlive/2015/texmf-dist/tex/generic/xkeyval/xkeyval.tex (/usr/local
/texlive/2015/texmf-dist/tex/generic/xkeyval/xkvutils.tex
\XKV@toks=\toks14
\XKV@tempa@toks=\toks15
(/usr/local/texlive/2015/texmf-dist/tex/generic/xkeyval/keyval.tex))
\XKV@depth=\count87
File: xkeyval.tex 2014/12/03 v2.7a key=value parser (HA)
)) (/usr/local/texlive/2015/texmf-dist/tex/latex/graphics/graphicx.sty
Package: graphicx 2014/10/28 v1.0g Enhanced LaTeX Graphics (DPC,SPQR)
(/usr/local/texlive/2015/texmf-dist/tex/latex/graphics/graphics.sty
Package: graphics 2014/10/28 v1.0p Standard LaTeX Graphics (DPC,SPQR)
(/usr/local/texlive/2015/texmf-dist/tex/latex/graphics/trig.sty
Package: trig 1999/03/16 v1.09 sin cos tan (DPC)
) (/usr/local/texlive/2015/texmf-dist/tex/latex/latexconfig/graphics.cfg
File: graphics.cfg 2010/04/23 v1.9 graphics configuration of TeX Live
)
Package graphics Info: Driver file: pdftex.def on input line 94.
(/usr/local/texlive/2015/texmf-dist/tex/latex/pdftex-def/pdftex.def
File: pdftex.def 2011/05/27 v0.06d Graphics/color for pdfTeX
(/usr/local/texlive/2015/texmf-dist/tex/generic/oberdiek/infwarerr.sty
Package: infwarerr 2010/04/08 v1.3 Providing info/warning/error messages (HO)
) (/usr/local/texlive/2015/texmf-dist/tex/generic/oberdiek/ltxcmds.sty
Package: ltxcmds 2011/11/09 v1.22 LaTeX kernel commands for general use (HO)
)
\Gread@gobject=\count88
))
\Gin@req@height=\dimen103
\Gin@req@width=\dimen104
) (/usr/local/texlive/2015/texmf-dist/tex/latex/rotating/rotating.sty
Package: rotating 2009/03/28 v2.16a rotated objects in LaTeX
(/usr/local/texlive/2015/texmf-dist/tex/latex/base/ifthen.sty
Package: ifthen 2014/09/29 v1.1c Standard LaTeX ifthen package (DPC)
)
\c@r@tfl@t=\count89
\rotFPtop=\skip43
\rotFPbot=\skip44
\rot@float@box=\box26
\rot@mess@toks=\toks16
) (/usr/local/texlive/2015/texmf-dist/tex/latex/tocbibind/tocbibind.sty
Package: tocbibind 2010/10/13 v1.5k extra ToC listings
Package tocbibind Info: The document has section divisions on input line 50.

Package tocbibind Note: Using section or other style headings.

) (/usr/local/texlive/2015/texmf-dist/tex/latex/appendix/appendix.sty
Package: appendix 2009/09/02 v1.2b extra appendix facilities
\c@@pps=\count90
\c@@ppsavesec=\count91
\c@@ppsaveapp=\count92
) (/usr/local/texlive/2015/texmf-dist/tex/latex/datetime/datetime.sty
Package: datetime 2015/03/20 v2.60 Date Time Package
(/usr/local/texlive/2015/texmf-dist/tex/latex/etoolbox/etoolbox.sty
Package: etoolbox 2015/05/04 v2.2 e-TeX tools for LaTeX (JAW)
\etb@tempcnta=\count93
) (/usr/local/texlive/2015/texmf-dist/tex/latex/fmtcount/fmtcount.sty
Package: fmtcount 2015/05/05 v3.01
(/usr/local/texlive/2015/texmf-dist/tex/latex/fmtcount/fcprefix.sty
Package: fcprefix 2012/09/28
(/usr/local/texlive/2015/texmf-dist/tex/latex/fmtcount/fcnumparser.sty
Package: fcnumparser 2012/09/28
\fc@digit@counter=\count94
)) (/usr/local/texlive/2015/texmf-dist/tex/generic/ifxetex/ifxetex.sty
Package: ifxetex 2010/09/12 v0.6 Provides ifxetex conditional
) (/usr/local/texlive/2015/texmf-dist/tex/latex/amsmath/amsgen.sty
File: amsgen.sty 1999/11/30 v2.0
\@emptytoks=\toks17
\ex@=\dimen105
)
\c@padzeroesN=\count95
\fc@tmpcatcode=\count96
\@DT@modctr=\count97
\@ordinalctr=\count98
\@orgargctr=\count99
\@strctr=\count100
\@tmpstrctr=\count101
\@DT@loopN=\count102
\@DT@X=\count103
(/usr/local/texlive/2015/texmf-dist/tex/latex/fmtcount/fc-english.def
File: fc-english.def 2013/08/17
)) (/usr/local/texlive/2015/texmf-dist/tex/latex/datetime/datetime-defaults.sty
Package: datetime-defaults 2013/09/10
)
\@day=\count104
\@month=\count105
\@year=\count106
\c@HOUR=\count107
\c@HOURXII=\count108
\c@MINUTE=\count109
\c@TOHOUR=\count110
\c@TOMINUTE=\count111
\c@SECOND=\count112
\currenthour=\count113
\currentminute=\count114
\currentsecond=\count115
Package datetime Info: No datetime.cfg file found, using default settings on in
put line 308.
\@dtctr=\count116
\dayofyear=\count117
\dayofweek=\count118
LaTeX Info: Redefining \today on input line 736.
\dt@a=\toks18
\dt@b=\toks19
) (/usr/local/texlive/2015/texmf-dist/tex/latex/caption/caption.sty
Package: caption 2013/05/02 v3.3-89 Customizing captions (AR)
(/usr/local/texlive/2015/texmf-dist/tex/latex/caption/caption3.sty
Package: caption3 2013/05/02 v1.6-88 caption3 kernel (AR)
Package caption3 Info: TeX engine: e-TeX on input line 57.
\captionmargin=\dimen106
\captionmargin@=\dimen107
\captionwidth=\dimen108
\caption@tempdima=\dimen109
\caption@indent=\dimen110
\caption@parindent=\dimen111
\caption@hangindent=\dimen112
)
\c@ContinuedFloat=\count119
Package caption Info: rotating package is loaded.
) (/usr/local/texlive/2015/texmf-dist/tex/latex/listings/listings.sty
\lst@mode=\count120
\lst@gtempboxa=\box27
\lst@token=\toks20
\lst@length=\count121
\lst@currlwidth=\dimen113
\lst@column=\count122
\lst@pos=\count123
\lst@lostspace=\dimen114
\lst@width=\dimen115
\lst@newlines=\count124
\lst@lineno=\count125
\lst@maxwidth=\dimen116
(/usr/local/texlive/2015/texmf-dist/tex/latex/listings/lstmisc.sty
File: lstmisc.sty 2014/09/06 1.5e (Carsten Heinz)
\c@lstnumber=\count126
\lst@skipnumbers=\count127
\lst@framebox=\box28
) (/usr/local/texlive/2015/texmf-dist/tex/latex/listings/listings.cfg
File: listings.cfg 2014/09/06 1.5e listings configuration
))
Package: listings 2014/09/06 1.5e (Carsten Heinz)
(/usr/local/texlive/2015/texmf-dist/tex/latex/caption/subcaption.sty
Package: subcaption 2013/02/03 v1.1-62 Sub-captions (AR)
\c@subfigure=\count128
\c@subtable=\count129
) (/usr/local/texlive/2015/texmf-dist/tex/latex/amsfonts/amssymb.sty
Package: amssymb 2013/01/14 v3.01 AMS font symbols
(/usr/local/texlive/2015/texmf-dist/tex/latex/amsfonts/amsfonts.sty
Package: amsfonts 2013/01/14 v3.01 Basic AMSFonts support
\symAMSa=\mathgroup4
\symAMSb=\mathgroup5
LaTeX Font Info:    Overwriting math alphabet `\mathfrak' in version `bold'
(Font)                  U/euf/m/n --> U/euf/b/n on input line 106.
)) (/usr/local/texlive/2015/texmf-dist/tex/latex/amsmath/amsmath.sty
Package: amsmath 2013/01/14 v2.14 AMS math features
\@mathmargin=\skip45
For additional information on amsmath, use the `?' option.
(/usr/local/texlive/2015/texmf-dist/tex/latex/amsmath/amstext.sty
Package: amstext 2000/06/29 v2.01
) (/usr/local/texlive/2015/texmf-dist/tex/latex/amsmath/amsbsy.sty
Package: amsbsy 1999/11/29 v1.2d
\pmbraise@=\dimen117
) (/usr/local/texlive/2015/texmf-dist/tex/latex/amsmath/amsopn.sty
Package: amsopn 1999/12/14 v2.01 operator names
)
\inf@bad=\count130
LaTeX Info: Redefining \frac on input line 210.
\uproot@=\count131
\leftroot@=\count132
LaTeX Info: Redefining \overline on input line 306.
\classnum@=\count133
\DOTSCASE@=\count134
LaTeX Info: Redefining \ldots on input line 378.
LaTeX Info: Redefining \dots on input line 381.
LaTeX Info: Redefining \cdots on input line 466.
\Mathstrutbox@=\box29
\strutbox@=\box30
\big@size=\dimen118
LaTeX Font Info:    Redeclaring font encoding OML on input line 566.
LaTeX Font Info:    Redeclaring font encoding OMS on input line 567.
\macc@depth=\count135
\c@MaxMatrixCols=\count136
\dotsspace@=\muskip10
\c@parentequation=\count137
\dspbrk@lvl=\count138
\tag@help=\toks21
\row@=\count139
\column@=\count140
\maxfields@=\count141
\andhelp@=\toks22
\eqnshift@=\dimen119
\alignsep@=\dimen120
\tagshift@=\dimen121
\tagwidth@=\dimen122
\totwidth@=\dimen123
\lineht@=\dimen124
\@envbody=\toks23
\multlinegap=\skip46
\multlinetaggap=\skip47
\mathdisplay@stack=\toks24
LaTeX Info: Redefining \[ on input line 2665.
LaTeX Info: Redefining \] on input line 2666.
) (/Users/philhannant/Documents/Project_Report/CS_Project_Report_PAHannant.aux)
\openout1 = `CS_Project_Report_PAHannant.aux'.

LaTeX Font Info:    Checking defaults for OML/cmm/m/it on input line 24.
LaTeX Font Info:    ... okay on input line 24.
LaTeX Font Info:    Checking defaults for T1/cmr/m/n on input line 24.
LaTeX Font Info:    ... okay on input line 24.
LaTeX Font Info:    Checking defaults for OT1/cmr/m/n on input line 24.
LaTeX Font Info:    ... okay on input line 24.
LaTeX Font Info:    Checking defaults for OMS/cmsy/m/n on input line 24.
LaTeX Font Info:    ... okay on input line 24.
LaTeX Font Info:    Checking defaults for OMX/cmex/m/n on input line 24.
LaTeX Font Info:    ... okay on input line 24.
LaTeX Font Info:    Checking defaults for U/cmr/m/n on input line 24.
LaTeX Font Info:    ... okay on input line 24.
(/usr/local/texlive/2015/texmf-dist/tex/context/base/supp-pdf.mkii
[Loading MPS to PDF converter (version 2006.09.02).]
\scratchcounter=\count142
\scratchdimen=\dimen125
\scratchbox=\box31
\nofMPsegments=\count143
\nofMParguments=\count144
\everyMPshowfont=\toks25
\MPscratchCnt=\count145
\MPscratchDim=\dimen126
\MPnumerator=\count146
\makeMPintoPDFobject=\count147
\everyMPtoPDFconversion=\toks26
) (/usr/local/texlive/2015/texmf-dist/tex/generic/oberdiek/pdftexcmds.sty
Package: pdftexcmds 2011/11/29 v0.20 Utility functions of pdfTeX for LuaTeX (HO
)
(/usr/local/texlive/2015/texmf-dist/tex/generic/oberdiek/ifluatex.sty
Package: ifluatex 2010/03/01 v1.3 Provides the ifluatex switch (HO)
Package ifluatex Info: LuaTeX not detected.
) (/usr/local/texlive/2015/texmf-dist/tex/generic/oberdiek/ifpdf.sty
Package: ifpdf 2011/01/30 v2.3 Provides the ifpdf switch (HO)
Package ifpdf Info: pdfTeX in PDF mode is detected.
)
Package pdftexcmds Info: LuaTeX not detected.
Package pdftexcmds Info: \pdf@primitive is available.
Package pdftexcmds Info: \pdf@ifprimitive is available.
Package pdftexcmds Info: \pdfdraftmode found.
) (/usr/local/texlive/2015/texmf-dist/tex/latex/oberdiek/epstopdf-base.sty
Package: epstopdf-base 2010/02/09 v2.5 Base part for package epstopdf
(/usr/local/texlive/2015/texmf-dist/tex/latex/oberdiek/grfext.sty
Package: grfext 2010/08/19 v1.1 Manage graphics extensions (HO)
(/usr/local/texlive/2015/texmf-dist/tex/generic/oberdiek/kvdefinekeys.sty
Package: kvdefinekeys 2011/04/07 v1.3 Define keys (HO)
)) (/usr/local/texlive/2015/texmf-dist/tex/latex/oberdiek/kvoptions.sty
Package: kvoptions 2011/06/30 v3.11 Key value format for package options (HO)
(/usr/local/texlive/2015/texmf-dist/tex/generic/oberdiek/kvsetkeys.sty
Package: kvsetkeys 2012/04/25 v1.16 Key value parser (HO)
(/usr/local/texlive/2015/texmf-dist/tex/generic/oberdiek/etexcmds.sty
Package: etexcmds 2011/02/16 v1.5 Avoid name clashes with e-TeX commands (HO)
Package etexcmds Info: Could not find \expanded.
(etexcmds)             That can mean that you are not using pdfTeX 1.50 or
(etexcmds)             that some package has redefined \expanded.
(etexcmds)             In the latter case, load this package earlier.
)))
Package grfext Info: Graphics extension search list:
(grfext)             [.png,.pdf,.jpg,.mps,.jpeg,.jbig2,.jb2,.PNG,.PDF,.JPG,.JPE
G,.JBIG2,.JB2,.eps]
(grfext)             \AppendGraphicsExtensions on input line 452.
(/usr/local/texlive/2015/texmf-dist/tex/latex/latexconfig/epstopdf-sys.cfg
File: epstopdf-sys.cfg 2010/07/13 v1.3 Configuration of (r)epstopdf for TeX Liv
e
))
Package caption Info: Begin \AtBeginDocument code.
Package caption Info: listings package is loaded.
Package caption Info: End \AtBeginDocument code.
\c@lstlisting=\count148
LaTeX Font Info:    Try loading font information for U+msa on input line 43.
(/usr/local/texlive/2015/texmf-dist/tex/latex/amsfonts/umsa.fd
File: umsa.fd 2013/01/14 v3.01 AMS symbols A
)
LaTeX Font Info:    Try loading font information for U+msb on input line 43.
(/usr/local/texlive/2015/texmf-dist/tex/latex/amsfonts/umsb.fd
File: umsb.fd 2013/01/14 v3.01 AMS symbols B
) [1

{/usr/local/texlive/2015/texmf-var/fonts/map/pdftex/updmap/pdftex.map}] (/Users
/philhannant/Documents/Project_Report/CS_Project_Report_PAHannant.toc [2])
\tf@toc=\write3
\openout3 = `CS_Project_Report_PAHannant.toc'.

[3] [4

] <images/TradMet.jpg, id=20, 642.4pt x 481.8pt>
File: images/TradMet.jpg Graphic file (type jpg)
<use images/TradMet.jpg>
Package pdftex.def Info: images/TradMet.jpg used on input line 79.
(pdftex.def)             Requested size: 160.59961pt x 120.44969pt.
<images/RW200.png, id=21, 652.4375pt x 768.8725pt>
File: images/RW200.png Graphic file (type png)
<use images/RW200.png>
Package pdftex.def Info: images/RW200.png used on input line 88.
(pdftex.def)             Requested size: 130.48518pt x 153.77177pt.
<images/Scope.jpg, id=22, 383.4325pt x 200.75pt>
File: images/Scope.jpg Graphic file (type jpg)
<use images/Scope.jpg>
Package pdftex.def Info: images/Scope.jpg used on input line 98.
(pdftex.def)             Requested size: 117.43874pt x 61.48442pt.
<images/coach.jpg, id=23, 584.1825pt x 266.9975pt>
File: images/coach.jpg Graphic file (type jpg)
<use images/coach.jpg>
Package pdftex.def Info: images/coach.jpg used on input line 104.
(pdftex.def)             Requested size: 176.15811pt x 80.51134pt.
[5

 </Users/philhannant/Documents/Project_Report/images/TradMet.jpg> </Users/philh
annant/Documents/Project_Report/images/RW200.png>] <images/rmp-5.jpg, id=32, 60
8.2725pt x 688.5725pt>
File: images/rmp-5.jpg Graphic file (type jpg)
<use images/rmp-5.jpg>
Package pdftex.def Info: images/rmp-5.jpg used on input line 117.
(pdftex.def)             Requested size: 117.43874pt x 132.94199pt.
<images/dt-1_ss_main_notation_gal.jpg, id=33, 913.4125pt x 668.4975pt>
File: images/dt-1_ss_main_notation_gal.jpg Graphic file (type jpg)
<use images/dt-1_ss_main_notation_gal.jpg>
Package pdftex.def Info: images/dt-1_ss_main_notation_gal.jpg used on input lin
e 123.
(pdftex.def)             Requested size: 176.15811pt x 128.92332pt.
<images/friendjam.png, id=34, 963.6pt x 642.4pt>
File: images/friendjam.png Graphic file (type png)
<use images/friendjam.png>
Package pdftex.def Info: images/friendjam.png used on input line 134.
(pdftex.def)             Requested size: 168.63252pt x 112.42168pt.
Missing character: There is no â in font cmr9!
Missing character: There is no € in font cmr9!
Missing character: There is no Ž in font cmr9!
[6 </Users/philhannant/Documents/Project_Report/images/Scope.jpg> </Users/philh
annant/Documents/Project_Report/images/coach.jpg> </Users/philhannant/Documents
/Project_Report/images/rmp-5.jpg> </Users/philhannant/Documents/Project_Report/
images/dt-1_ss_main_notation_gal.jpg> </Users/philhannant/Documents/Project_Rep
ort/images/friendjam.png>] <images/staff.jpg, id=38, 1308.89pt x 285.065pt>
File: images/staff.jpg Graphic file (type jpg)
<use images/staff.jpg>
Package pdftex.def Info: images/staff.jpg used on input line 149.
(pdftex.def)             Requested size: 392.67003pt x 85.52016pt.
[7 </Users/philhannant/Documents/Project_Report/images/staff.jpg>] <images/Onse
t.jpg, id=43, 531.9875pt x 315.1775pt>
File: images/Onset.jpg Graphic file (type jpg)
<use images/Onset.jpg>
Package pdftex.def Info: images/Onset.jpg used on input line 169.
(pdftex.def)             Requested size: 212.79123pt x 126.06876pt.
[8] [9 </Users/philhannant/Documents/Project_Report/images/Onset.jpg>] <images/
rectangWin.jpg, id=50, 552.0625pt x 260.975pt>
File: images/rectangWin.jpg Graphic file (type jpg)
<use images/rectangWin.jpg>
Package pdftex.def Info: images/rectangWin.jpg used on input line 207.
(pdftex.def)             Requested size: 140.92792pt x 66.62141pt.
<images/hamming.jpg, id=51, 391.4625pt x 307.1475pt>
File: images/hamming.jpg Graphic file (type jpg)
<use images/hamming.jpg>
Package pdftex.def Info: images/hamming.jpg used on input line 213.
(pdftex.def)             Requested size: 140.92792pt x 110.57301pt.
[10] <images/br-clusters.jpg, id=55, 1236.62pt x 616.3025pt>
File: images/br-clusters.jpg Graphic file (type jpg)
<use images/br-clusters.jpg>
Package pdftex.def Info: images/br-clusters.jpg used on input line 226.
(pdftex.def)             Requested size: 309.15424pt x 154.07524pt.
[11 </Users/philhannant/Documents/Project_Report/images/rectangWin.jpg> </Users
/philhannant/Documents/Project_Report/images/hamming.jpg> </Users/philhannant/D
ocuments/Project_Report/images/br-clusters.jpg>] <images/FWR2.jpg, id=59, 1212.
53pt x 275.0275pt>
File: images/FWR2.jpg Graphic file (type jpg)
<use images/FWR2.jpg>
Package pdftex.def Info: images/FWR2.jpg used on input line 247.
(pdftex.def)             Requested size: 303.13176pt x 68.7567pt.

Underfull \hbox (badness 10000) in paragraph at lines 248--248
[]\OT1/cmr/m/it/10 Figure 10: |Vi-sual rep-re-sen-ta-tion of Full Wave Rec-ti-f
i-ca-tion (di-a-gram adapted from
 []

<images/dwtflow.jpg, id=60, 706.64pt x 582.175pt>
File: images/dwtflow.jpg Graphic file (type jpg)
<use images/dwtflow.jpg>
Package pdftex.def Info: images/dwtflow.jpg used on input line 257.
(pdftex.def)             Requested size: 247.3277pt x 203.7643pt.
[12 </Users/philhannant/Documents/Project_Report/images/FWR2.jpg>] [13 </Users/
philhannant/Documents/Project_Report/images/dwtflow.jpg>]
Underfull \hbox (badness 10000) in paragraph at lines 274--289

 []

LaTeX Font Info:    Try loading font information for OMS+cmr on input line 301.

(/usr/local/texlive/2015/texmf-dist/tex/latex/base/omscmr.fd
File: omscmr.fd 2014/09/29 v2.5h Standard LaTeX font definitions
)
LaTeX Font Info:    Font shape `OMS/cmr/m/n' in size <10.95> not available
(Font)              Font shape `OMS/cmsy/m/n' tried instead on input line 301.
[14]
Underfull \hbox (badness 10000) in paragraph at lines 318--322

 []


Underfull \hbox (badness 10000) in paragraph at lines 318--322

 []


Underfull \hbox (badness 10000) in paragraph at lines 318--322

 []


Underfull \hbox (badness 10000) in paragraph at lines 318--322

 []


Underfull \hbox (badness 10000) in paragraph at lines 318--322

 []

[15] <images/reacManif.jpg, id=76, 1126.2075pt x 483.8075pt>
File: images/reacManif.jpg Graphic file (type jpg)
<use images/reacManif.jpg>
Package pdftex.def Info: images/reacManif.jpg used on input line 325.
(pdftex.def)             Requested size: 281.5512pt x 120.95157pt.

Underfull \hbox (badness 10000) in paragraph at lines 338--339

 []


Underfull \hbox (badness 10000) in paragraph at lines 339--340

 []

[16 </Users/philhannant/Documents/Project_Report/images/reacManif.jpg>] <images
/mvc.png, id=80, 1308.89pt x 541.02126pt>
File: images/mvc.png Graphic file (type png)
<use images/mvc.png>
Package pdftex.def Info: images/mvc.png used on input line 345.
(pdftex.def)             Requested size: 327.2217pt x 135.25497pt.
[17 </Users/philhannant/Documents/Project_Report/images/mvc.png>] <images/messa
ges.jpg, id=84, 1780.6525pt x 505.89pt>
File: images/messages.jpg Graphic file (type jpg)
<use images/messages.jpg>
Package pdftex.def Info: images/messages.jpg used on input line 369.
(pdftex.def)             Requested size: 445.16203pt x 126.47218pt.
<images/LiveAudioActor.jpg, id=85, 1136.245pt x 638.385pt>
File: images/LiveAudioActor.jpg Graphic file (type jpg)
<use images/LiveAudioActor.jpg>
Package pdftex.def Info: images/LiveAudioActor.jpg used on input line 378.
(pdftex.def)             Requested size: 340.87613pt x 191.51697pt.
<images/processingRec.jpg, id=86, 1200.485pt x 1045.9075pt>
File: images/processingRec.jpg Graphic file (type jpg)
<use images/processingRec.jpg>
Package pdftex.def Info: images/processingRec.jpg used on input line 387.
(pdftex.def)             Requested size: 360.14828pt x 313.77467pt.
[18 </Users/philhannant/Documents/Project_Report/images/messages.jpg> </Users/p
hilhannant/Documents/Project_Report/images/LiveAudioActor.jpg>] <images/actorpr
ops.jpg, id=90, 1320.935pt x 222.8325pt>
File: images/actorprops.jpg Graphic file (type jpg)
<use images/actorprops.jpg>
Package pdftex.def Info: images/actorprops.jpg used on input line 398.
(pdftex.def)             Requested size: 462.33418pt x 77.99254pt.
<images/startCap.jpg, id=91, 1357.07pt x 321.2pt>
File: images/startCap.jpg Graphic file (type jpg)
<use images/startCap.jpg>
Package pdftex.def Info: images/startCap.jpg used on input line 408.
(pdftex.def)             Requested size: 407.12415pt x 96.36073pt.
[19 </Users/philhannant/Documents/Project_Report/images/processingRec.jpg> </Us
ers/philhannant/Documents/Project_Report/images/actorprops.jpg>] <images/addByt
es.jpg, id=96, 1182.4175pt x 507.8975pt>
File: images/addBytes.jpg Graphic file (type jpg)
<use images/addBytes.jpg>
Package pdftex.def Info: images/addBytes.jpg used on input line 419.
(pdftex.def)             Requested size: 295.60365pt x 126.97406pt.
[20 </Users/philhannant/Documents/Project_Report/images/startCap.jpg> </Users/p
hilhannant/Documents/Project_Report/images/addBytes.jpg>] <images/liveAudioPro.
jpg, id=100, 1375.1375pt x 1676.2625pt>
File: images/liveAudioPro.jpg Graphic file (type jpg)
<use images/liveAudioPro.jpg>
Package pdftex.def Info: images/liveAudioPro.jpg used on input line 431.
(pdftex.def)             Requested size: 343.78354pt x 419.0646pt.
[21 </Users/philhannant/Documents/Project_Report/images/liveAudioPro.jpg>] <ima
ges/statscalc.jpg, id=104, 1084.05pt x 1668.2325pt>
File: images/statscalc.jpg Graphic file (type jpg)
<use images/statscalc.jpg>
Package pdftex.def Info: images/statscalc.jpg used on input line 444.
(pdftex.def)             Requested size: 379.42319pt x 583.89014pt.
<images/writes.jpg, id=105, 887.315pt x 805.0075pt>
File: images/writes.jpg Graphic file (type jpg)
<use images/writes.jpg>
Package pdftex.def Info: images/writes.jpg used on input line 455.
(pdftex.def)             Requested size: 221.8282pt x 201.25139pt.
[22] [23 </Users/philhannant/Documents/Project_Report/images/statscalc.jpg>] <i
mages/rtt.jpg, id=112, 1606.0pt x 1003.75pt>
File: images/rtt.jpg Graphic file (type jpg)
<use images/rtt.jpg>
Package pdftex.def Info: images/rtt.jpg used on input line 469.
(pdftex.def)             Requested size: 401.49902pt x 250.93689pt.
<images/htmlResults.jpg, id=113, 1007.765pt x 933.4875pt>
File: images/htmlResults.jpg Graphic file (type jpg)
<use images/htmlResults.jpg>
Package pdftex.def Info: images/htmlResults.jpg used on input line 478.
(pdftex.def)             Requested size: 302.33183pt x 280.04842pt.
[24 </Users/philhannant/Documents/Project_Report/images/writes.jpg>] [25 </User
s/philhannant/Documents/Project_Report/images/rtt.jpg> </Users/philhannant/Docu
ments/Project_Report/images/htmlResults.jpg>] [26] [27]
Underfull \hbox (badness 10000) in paragraph at lines 511--511
[]\OT1/cmr/bx/n/10.95 Drum Beat
 []


Underfull \hbox (badness 2088) in paragraph at lines 539--539
\OT1/cmr/m/n/10.95 hat cym-bal, high tom-tom
 []


Underfull \hbox (badness 10000) in paragraph at lines 547--547
[]\OT1/cmr/m/n/10.95 OFF-
 []


Underfull \hbox (badness 10000) in paragraph at lines 551--551
[]\OT1/cmr/m/n/10.95 OFF-
 []


Overfull \hbox (24.65382pt too wide) in paragraph at lines 509--573
 [][] 
 []


LaTeX Warning: Float too large for page by 15.23466pt on input line 573.

[28] <images/totRec.jpg, id=130, 594.22pt x 343.2825pt>
File: images/totRec.jpg Graphic file (type jpg)
<use images/totRec.jpg>
Package pdftex.def Info: images/totRec.jpg used on input line 580.
(pdftex.def)             Requested size: 178.26736pt x 102.98553pt.
<images/totAveDiff.jpg, id=131, 1812.7725pt x 989.6975pt>
File: images/totAveDiff.jpg Graphic file (type jpg)
<use images/totAveDiff.jpg>
Package pdftex.def Info: images/totAveDiff.jpg used on input line 598.
(pdftex.def)             Requested size: 453.19202pt x 247.42377pt.
<images/totAveDiffFR.jpg, id=132, 1810.765pt x 967.615pt>
File: images/totAveDiffFR.jpg Graphic file (type jpg)
<use images/totAveDiffFR.jpg>
Package pdftex.def Info: images/totAveDiffFR.jpg used on input line 613.
(pdftex.def)             Requested size: 452.69014pt x 241.90315pt.
[29


 </Users/philhannant/Documents/Project_Report/images/totRec.jpg>] [30 </Users/p
hilhannant/Documents/Project_Report/images/totAveDiff.jpg> </Users/philhannant/
Documents/Project_Report/images/totAveDiffFR.jpg>] <images/totAveDiffCor.jpg, i
d=139, 1812.7725pt x 977.6525pt>
File: images/totAveDiffCor.jpg Graphic file (type jpg)
<use images/totAveDiffCor.jpg>
Package pdftex.def Info: images/totAveDiffCor.jpg used on input line 623.
(pdftex.def)             Requested size: 453.19202pt x 244.41252pt.
<images/SSSAD.jpg, id=140, 1244.65pt x 1759.57375pt>
File: images/SSSAD.jpg Graphic file (type jpg)
<use images/SSSAD.jpg>
Package pdftex.def Info: images/SSSAD.jpg used on input line 651.
(pdftex.def)             Requested size: 472.97191pt x 668.64499pt.

Overfull \hbox (3.21692pt too wide) in paragraph at lines 651--652
 [][] 
 []


LaTeX Warning: Float too large for page by 4.08pt on input line 654.

<images/SSSADC.jpg, id=141, 1244.65pt x 1759.57375pt>
File: images/SSSADC.jpg Graphic file (type jpg)
<use images/SSSADC.jpg>
Package pdftex.def Info: images/SSSADC.jpg used on input line 660.
(pdftex.def)             Requested size: 472.97191pt x 668.64499pt.

Overfull \hbox (3.21692pt too wide) in paragraph at lines 660--661
 [][] 
 []


LaTeX Warning: Float too large for page by 4.08pt on input line 663.

[31 </Users/philhannant/Documents/Project_Report/images/totAveDiffCor.jpg>] [32
 </Users/philhannant/Documents/Project_Report/images/SSSAD.jpg>] [33 </Users/ph
ilhannant/Documents/Project_Report/images/SSSADC.jpg>] <images/SwiSSAD.jpg, id=
152, 954.56625pt x 1003.75pt>
File: images/SwiSSAD.jpg Graphic file (type jpg)
<use images/SwiSSAD.jpg>
Package pdftex.def Info: images/SwiSSAD.jpg used on input line 672.
(pdftex.def)             Requested size: 429.55084pt x 451.68333pt.
<images/SwiSSADC.jpg, id=153, 950.55125pt x 1008.76875pt>
File: images/SwiSSADC.jpg Graphic file (type jpg)
<use images/SwiSSADC.jpg>
Package pdftex.def Info: images/SwiSSADC.jpg used on input line 679.
(pdftex.def)             Requested size: 427.74411pt x 453.94174pt.
<images/OBSSAD.jpg, id=154, 1814.78pt x 1222.5675pt>
File: images/OBSSAD.jpg Graphic file (type jpg)
<use images/OBSSAD.jpg>
Package pdftex.def Info: images/OBSSAD.jpg used on input line 692.
(pdftex.def)             Requested size: 453.6939pt x 305.64113pt.
[34 </Users/philhannant/Documents/Project_Report/images/SwiSSAD.jpg>] [35 </Use
rs/philhannant/Documents/Project_Report/images/SwiSSADC.jpg>] <images/OBSSADC.j
pg, id=161, 1812.7725pt x 1236.62pt>
File: images/OBSSADC.jpg Graphic file (type jpg)
<use images/OBSSADC.jpg>
Package pdftex.def Info: images/OBSSADC.jpg used on input line 701.
(pdftex.def)             Requested size: 453.19202pt x 309.15424pt.
<images/LowDoubling.jpg, id=162, 2531.4575pt x 1702.36pt>
File: images/LowDoubling.jpg Graphic file (type jpg)
<use images/LowDoubling.jpg>
Package pdftex.def Info: images/LowDoubling.jpg used on input line 711.
(pdftex.def)             Requested size: 632.86284pt x 425.58896pt.
<images/lowStyle.jpg, id=163, 2878.755pt x 1740.5025pt>
File: images/lowStyle.jpg Graphic file (type jpg)
<use images/lowStyle.jpg>
Package pdftex.def Info: images/lowStyle.jpg used on input line 720.
(pdftex.def)             Requested size: 719.687pt x 435.12456pt.

Overfull \hbox (33.12201pt too wide) in paragraph at lines 720--721
 [][] 
 []

[36 </Users/philhannant/Documents/Project_Report/images/OBSSAD.jpg>] <images/Re
sponseTime.jpg, id=167, 813.0375pt x 385.44pt>
File: images/ResponseTime.jpg Graphic file (type jpg)
<use images/ResponseTime.jpg>
Package pdftex.def Info: images/ResponseTime.jpg used on input line 732.
(pdftex.def)             Requested size: 243.91313pt x 115.63289pt.
<images/TempoAcc.jpg, id=168, 849.1725pt x 451.6875pt>
File: images/TempoAcc.jpg Graphic file (type jpg)
<use images/TempoAcc.jpg>
Package pdftex.def Info: images/TempoAcc.jpg used on input line 742.
(pdftex.def)             Requested size: 297.21483pt x 158.09299pt.
Missing character: There is no â in font cmr9!
Missing character: There is no € in font cmr9!
Missing character: There is no ˜ in font cmr9!
Missing character: There is no â in font cmr9!
Missing character: There is no € in font cmr9!
Missing character: There is no ™ in font cmr9!
[37 </Users/philhannant/Documents/Project_Report/images/OBSSADC.jpg>] [38 </Use
rs/philhannant/Documents/Project_Report/images/LowDoubling.jpg>] [39 </Users/ph
ilhannant/Documents/Project_Report/images/lowStyle.jpg>] [40 </Users/philhannan
t/Documents/Project_Report/images/ResponseTime.jpg> </Users/philhannant/Documen
ts/Project_Report/images/TempoAcc.jpg>]
Overfull \hbox (16.11737pt too wide) in paragraph at lines 777--778
[]\OT1/cmr/m/n/10.95 Due to the large amounts of data that the RTT[]Analyser re
corded. The adap-tion of the RTT[]Analyser's
 []

[41

] [42]
Missing character: There is no Ã in font cmr10!
Missing character: There is no ³ in font cmr10!
Missing character: There is no Ã in font cmr10!
Missing character: There is no ¡ in font cmr10!
Missing character: There is no â in font cmti10!
Missing character: There is no € in font cmti10!
Missing character: There is no ™ in font cmti10!
Missing character: There is no Ã in font cmti10!
Missing character: There is no ¶ in font cmti10!
Missing character: There is no Ã in font cmr10!
Missing character: There is no © in font cmr10!

Overfull \hbox (15.15892pt too wide) in paragraph at lines 874--876
\OT1/cmr/m/it/10.95 https://docs.oracle.com/javase/8/docs/technotes/guides/soun
d/programmer[]guide/contents.html 
 []


Overfull \hbox (38.84946pt too wide) in paragraph at lines 894--895
[]\OT1/cmr/m/it/10.95 https://www.playframework.com/documentation/2.5.x/api/sca
la/index.html#play.api.libs.json.Writes 
 []

[43]
Missing character: There is no â in font cmti10!
Missing character: There is no € in font cmti10!
Missing character: There is no ™ in font cmti10!

Underfull \hbox (badness 10000) in paragraph at lines 917--918
[]\OT1/cmr/m/it/10.95 https://developer.apple.com/library/mac/documentation/Gen
eral/Conceptual/DevPedia-
 []

[44] [45] (/Users/philhannant/Documents/Project_Report/CS_Project_Report_PAHann
ant.aux) ) 
Here is how much of TeX's memory you used:
 6515 strings out of 493089
 97143 string characters out of 6134843
 177338 words of memory out of 5000000
 9839 multiletter control sequences out of 15000+600000
 15629 words of font info for 58 fonts, out of 8000000 for 9000
 1141 hyphenation exceptions out of 8191
 53i,15n,92p,1993b,518s stack positions out of 5000i,500n,10000p,200000b,80000s
</usr/local/texlive/2015/texmf-dist/fonts/type1/public/amsfonts/cm/cm
bx10.pfb></usr/local/texlive/2015/texmf-dist/fonts/type1/public/amsfonts/cm/cmb
x12.pfb></usr/local/texlive/2015/texmf-dist/fonts/type1/public/amsfonts/cm/cmmi
10.pfb></usr/local/texlive/2015/texmf-dist/fonts/type1/public/amsfonts/cm/cmr10
.pfb></usr/local/texlive/2015/texmf-dist/fonts/type1/public/amsfonts/cm/cmr12.p
fb></usr/local/texlive/2015/texmf-dist/fonts/type1/public/amsfonts/cm/cmr17.pfb
></usr/local/texlive/2015/texmf-dist/fonts/type1/public/amsfonts/cm/cmr6.pfb></
usr/local/texlive/2015/texmf-dist/fonts/type1/public/amsfonts/cm/cmr8.pfb></usr
/local/texlive/2015/texmf-dist/fonts/type1/public/amsfonts/cm/cmr9.pfb></usr/lo
cal/texlive/2015/texmf-dist/fonts/type1/public/amsfonts/cm/cmsy10.pfb></usr/loc
al/texlive/2015/texmf-dist/fonts/type1/public/amsfonts/cm/cmti10.pfb>
Output written on /Users/philhannant/Documents/Project_Report/CS_Project_Report
_PAHannant.pdf (45 pages, 15327591 bytes).
PDF statistics:
 237 PDF objects out of 1000 (max. 8388607)
 135 compressed objects within 2 object streams
 0 named destinations out of 1000 (max. 500000)
 206 words of extra memory for PDF output out of 10000 (max. 10000000)

